Build started 17-Feb-17 10:46:14 AM.
     1>Project "E:\iitkgp_project\text detection\C++\#OPENCVboostmsertrynewoverlap - Copy\ConsoleApplication1 - Copy\ConsoleApplication1\ConsoleApplication1.vcxproj" on node 2 (Build target(s)).
     1>ClCompile:
         C:\Program Files (x86)\Microsoft Visual Studio 11.0\VC\bin\x86_amd64\CL.exe /c /I"D:\opencvextracted files2.4.10\opencv\build\include" /I"D:\opencvextracted files2.4.10\opencv\build\include\opencv" /I"D:\opencvextracted files2.4.10\opencv\build\include\opencv2" /Zi /nologo /W3 /WX- /sdl /Od /D WIN32 /D _DEBUG /D _CONSOLE /D _CRT_SECURE_NO_WARNINGS /D _UNICODE /D UNICODE /Gm /EHsc /RTC1 /MDd /GS /fp:precise /Zc:wchar_t /Zc:forScope /Fo"x64\Debug\\" /Fd"x64\Debug\vc110.pdb" /Gd /TP /errorReport:prompt main.cpp
         main.cpp
     1>main.cpp(1): warning C4005: '_CRT_SECURE_NO_WARNINGS' : macro redefinition
                 command-line arguments :  see previous definition of '_CRT_SECURE_NO_WARNINGS'
     1>e:\iitkgp_project\text detection\c++\#opencvboostmsertrynewoverlap - copy\consoleapplication1 - copy\consoleapplication1\fast_clustering.cpp(2176): warning C4804: '~' : unsafe use of type 'bool' in operation
     1>e:\iitkgp_project\text detection\c++\#opencvboostmsertrynewoverlap - copy\consoleapplication1 - copy\consoleapplication1\fast_clustering.cpp(2176): warning C4805: '&' : unsafe mix of type 'bool' and type 'int' in operation
     1>e:\iitkgp_project\text detection\c++\#opencvboostmsertrynewoverlap - copy\consoleapplication1 - copy\consoleapplication1\fast_clustering.cpp(2179): warning C4244: '*=' : conversion from 'const ptrdiff_t' to 't_index', possible loss of data
     1>e:\iitkgp_project\text detection\c++\#opencvboostmsertrynewoverlap - copy\consoleapplication1 - copy\consoleapplication1\fast_clustering.cpp(2266): warning C4293: '>>' : shift count negative or too big, undefined behavior
     1>e:\iitkgp_project\text detection\c++\#opencvboostmsertrynewoverlap - copy\consoleapplication1 - copy\consoleapplication1\fast_clustering.cpp(2335): warning C4101: 'e' : unreferenced local variable
     1>e:\iitkgp_project\text detection\c++\#opencvboostmsertrynewoverlap - copy\consoleapplication1 - copy\consoleapplication1\fast_clustering.cpp(2374): warning C4293: '>>' : shift count negative or too big, undefined behavior
     1>e:\iitkgp_project\text detection\c++\#opencvboostmsertrynewoverlap - copy\consoleapplication1 - copy\consoleapplication1\fast_clustering.cpp(2454): warning C4101: 'e' : unreferenced local variable
     1>main.cpp(97): warning C4267: 'initializing' : conversion from 'size_t' to 'int', possible loss of data
     1>main.cpp(120): warning C4267: 'initializing' : conversion from 'size_t' to 'unsigned int', possible loss of data
     1>main.cpp(226): warning C4267: 'argument' : conversion from 'size_t' to 'unsigned int', possible loss of data
     1>main.cpp(234): warning C4267: 'initializing' : conversion from 'size_t' to 'int', possible loss of data
       Link:
         C:\Program Files (x86)\Microsoft Visual Studio 11.0\VC\bin\x86_amd64\link.exe /ERRORREPORT:PROMPT /OUT:"E:\iitkgp_project\text detection\C++\#OPENCVboostmsertrynewoverlap - Copy\ConsoleApplication1 - Copy\x64\Debug\main.exe" /INCREMENTAL /NOLOGO /LIBPATH:"D:\opencvextracted files2.4.10\opencv\build\x64\vc11\lib" opencv_calib3d2410d.lib opencv_contrib2410d.lib opencv_core2410d.lib opencv_features2d2410d.lib opencv_flann2410d.lib opencv_gpu2410d.lib opencv_highgui2410d.lib opencv_imgproc2410d.lib opencv_legacy2410d.lib opencv_ml2410d.lib opencv_nonfree2410d.lib opencv_objdetect2410d.lib opencv_ocl2410d.lib opencv_photo2410d.lib opencv_stitching2410d.lib opencv_superres2410d.lib opencv_ts2410d.lib opencv_video2410d.lib opencv_videostab2410d.lib kernel32.lib user32.lib gdi32.lib winspool.lib comdlg32.lib advapi32.lib shell32.lib ole32.lib oleaut32.lib uuid.lib odbc32.lib odbccp32.lib /MANIFEST /MANIFESTUAC:"level='asInvoker' uiAccess='false'" /manifest:embed /DEBUG /PDB:"E:\iitkgp_project\text detection\C++\#OPENCVboostmsertrynewoverlap - Copy\ConsoleApplication1 - Copy\x64\Debug\main.pdb" /SUBSYSTEM:CONSOLE /TLBID:1 /DYNAMICBASE /NXCOMPAT /IMPLIB:"E:\iitkgp_project\text detection\C++\#OPENCVboostmsertrynewoverlap - Copy\ConsoleApplication1 - Copy\x64\Debug\main.lib" /MACHINE:X64 x64\Debug\fast_clustering.obj
         x64\Debug\group_classifier.obj
         x64\Debug\main.obj
         x64\Debug\max_meaningful_clustering.obj
         x64\Debug\min_bounding_box.obj
         x64\Debug\mser.obj
         x64\Debug\nfa.obj
         x64\Debug\region.obj
         x64\Debug\region_classifier.obj
         ConsoleApplication1.vcxproj -> E:\iitkgp_project\text detection\C++\#OPENCVboostmsertrynewoverlap - Copy\ConsoleApplication1 - Copy\x64\Debug\main.exe
     1>Done Building Project "E:\iitkgp_project\text detection\C++\#OPENCVboostmsertrynewoverlap - Copy\ConsoleApplication1 - Copy\ConsoleApplication1\ConsoleApplication1.vcxproj" (Build target(s)).

Build succeeded.

Time Elapsed 00:00:14.43
