E:\IITKGP_PROJECT\TEXT DETECTION\C++\#OPENCVBOOSTNOTGIVENTOSIR\CONSOLEAPPLICATION1 - COPY\CONSOLEAPPLICATION1\X64\DEBUG\FAST_CLUSTERING.OBJ
E:\IITKGP_PROJECT\TEXT DETECTION\C++\#OPENCVBOOSTNOTGIVENTOSIR\CONSOLEAPPLICATION1 - COPY\CONSOLEAPPLICATION1\X64\DEBUG\GROUP_CLASSIFIER.OBJ
E:\IITKGP_PROJECT\TEXT DETECTION\C++\#OPENCVBOOSTNOTGIVENTOSIR\CONSOLEAPPLICATION1 - COPY\CONSOLEAPPLICATION1\X64\DEBUG\MAIN.OBJ
E:\IITKGP_PROJECT\TEXT DETECTION\C++\#OPENCVBOOSTNOTGIVENTOSIR\CONSOLEAPPLICATION1 - COPY\CONSOLEAPPLICATION1\X64\DEBUG\MAX_MEANINGFUL_CLUSTERING.OBJ
E:\IITKGP_PROJECT\TEXT DETECTION\C++\#OPENCVBOOSTNOTGIVENTOSIR\CONSOLEAPPLICATION1 - COPY\CONSOLEAPPLICATION1\X64\DEBUG\MIN_BOUNDING_BOX.OBJ
E:\IITKGP_PROJECT\TEXT DETECTION\C++\#OPENCVBOOSTNOTGIVENTOSIR\CONSOLEAPPLICATION1 - COPY\CONSOLEAPPLICATION1\X64\DEBUG\MSER.OBJ
E:\IITKGP_PROJECT\TEXT DETECTION\C++\#OPENCVBOOSTNOTGIVENTOSIR\CONSOLEAPPLICATION1 - COPY\CONSOLEAPPLICATION1\X64\DEBUG\NFA.OBJ
E:\IITKGP_PROJECT\TEXT DETECTION\C++\#OPENCVBOOSTNOTGIVENTOSIR\CONSOLEAPPLICATION1 - COPY\CONSOLEAPPLICATION1\X64\DEBUG\REGION.OBJ
E:\IITKGP_PROJECT\TEXT DETECTION\C++\#OPENCVBOOSTNOTGIVENTOSIR\CONSOLEAPPLICATION1 - COPY\CONSOLEAPPLICATION1\X64\DEBUG\REGION_CLASSIFIER.OBJ
E:\IITKGP_PROJECT\TEXT DETECTION\C++\#OPENCVBOOSTNOTGIVENTOSIR\CONSOLEAPPLICATION1 - COPY\CONSOLEAPPLICATION1\X64\DEBUG\VC110.PDB
E:\IITKGP_PROJECT\TEXT DETECTION\C++\#OPENCVBOOSTMSER\CONSOLEAPPLICATION1 - COPY\CONSOLEAPPLICATION1\X64\DEBUG\FAST_CLUSTERING.OBJ
E:\IITKGP_PROJECT\TEXT DETECTION\C++\#OPENCVBOOSTMSER\CONSOLEAPPLICATION1 - COPY\CONSOLEAPPLICATION1\X64\DEBUG\GROUP_CLASSIFIER.OBJ
E:\IITKGP_PROJECT\TEXT DETECTION\C++\#OPENCVBOOSTMSER\CONSOLEAPPLICATION1 - COPY\CONSOLEAPPLICATION1\X64\DEBUG\MAIN.OBJ
E:\IITKGP_PROJECT\TEXT DETECTION\C++\#OPENCVBOOSTMSER\CONSOLEAPPLICATION1 - COPY\CONSOLEAPPLICATION1\X64\DEBUG\MAX_MEANINGFUL_CLUSTERING.OBJ
E:\IITKGP_PROJECT\TEXT DETECTION\C++\#OPENCVBOOSTMSER\CONSOLEAPPLICATION1 - COPY\CONSOLEAPPLICATION1\X64\DEBUG\MIN_BOUNDING_BOX.OBJ
E:\IITKGP_PROJECT\TEXT DETECTION\C++\#OPENCVBOOSTMSER\CONSOLEAPPLICATION1 - COPY\CONSOLEAPPLICATION1\X64\DEBUG\MSER.OBJ
E:\IITKGP_PROJECT\TEXT DETECTION\C++\#OPENCVBOOSTMSER\CONSOLEAPPLICATION1 - COPY\CONSOLEAPPLICATION1\X64\DEBUG\NFA.OBJ
E:\IITKGP_PROJECT\TEXT DETECTION\C++\#OPENCVBOOSTMSER\CONSOLEAPPLICATION1 - COPY\CONSOLEAPPLICATION1\X64\DEBUG\REGION.OBJ
E:\IITKGP_PROJECT\TEXT DETECTION\C++\#OPENCVBOOSTMSER\CONSOLEAPPLICATION1 - COPY\CONSOLEAPPLICATION1\X64\DEBUG\REGION_CLASSIFIER.OBJ
E:\IITKGP_PROJECT\TEXT DETECTION\C++\#OPENCVBOOSTMSER\CONSOLEAPPLICATION1 - COPY\CONSOLEAPPLICATION1\X64\DEBUG\VC110.PDB
E:\IITKGP_PROJECT\TEXT DETECTION\C++\#OPENCVBOOSTNOTGIVENTOSIR\CONSOLEAPPLICATION1 - COPY\X64\DEBUG\MAIN.ILK
E:\IITKGP_PROJECT\TEXT DETECTION\C++\#OPENCVBOOSTNOTGIVENTOSIR\CONSOLEAPPLICATION1 - COPY\X64\DEBUG\MAIN.EXE
E:\IITKGP_PROJECT\TEXT DETECTION\C++\#OPENCVBOOSTNOTGIVENTOSIR\CONSOLEAPPLICATION1 - COPY\X64\DEBUG\MAIN.PDB
E:\IITKGP_PROJECT\TEXT DETECTION\C++\#OPENCVBOOSTMSER\CONSOLEAPPLICATION1 - COPY\X64\DEBUG\MAIN.ILK
E:\IITKGP_PROJECT\TEXT DETECTION\C++\#OPENCVBOOSTMSER\CONSOLEAPPLICATION1 - COPY\X64\DEBUG\MAIN.EXE
E:\IITKGP_PROJECT\TEXT DETECTION\C++\#OPENCVBOOSTMSER\CONSOLEAPPLICATION1 - COPY\X64\DEBUG\MAIN.PDB
E:\iitkgp_project\text detection\C++\#OPENCVboostmser\ConsoleApplication1 - Copy\ConsoleApplication1\x64\Debug\fast_clustering.obj
E:\iitkgp_project\text detection\C++\#OPENCVboostmser\ConsoleApplication1 - Copy\ConsoleApplication1\x64\Debug\group_classifier.obj
E:\iitkgp_project\text detection\C++\#OPENCVboostmser\ConsoleApplication1 - Copy\ConsoleApplication1\x64\Debug\main.obj
E:\iitkgp_project\text detection\C++\#OPENCVboostmser\ConsoleApplication1 - Copy\ConsoleApplication1\x64\Debug\max_meaningful_clustering.obj
E:\iitkgp_project\text detection\C++\#OPENCVboostmser\ConsoleApplication1 - Copy\ConsoleApplication1\x64\Debug\min_bounding_box.obj
E:\iitkgp_project\text detection\C++\#OPENCVboostmser\ConsoleApplication1 - Copy\ConsoleApplication1\x64\Debug\mser.obj
E:\iitkgp_project\text detection\C++\#OPENCVboostmser\ConsoleApplication1 - Copy\ConsoleApplication1\x64\Debug\nfa.obj
E:\iitkgp_project\text detection\C++\#OPENCVboostmser\ConsoleApplication1 - Copy\ConsoleApplication1\x64\Debug\region.obj
E:\iitkgp_project\text detection\C++\#OPENCVboostmser\ConsoleApplication1 - Copy\ConsoleApplication1\x64\Debug\region_classifier.obj
E:\iitkgp_project\text detection\C++\#OPENCVboostmser\ConsoleApplication1 - Copy\ConsoleApplication1\x64\Debug\cl.command.1.tlog
E:\iitkgp_project\text detection\C++\#OPENCVboostmser\ConsoleApplication1 - Copy\ConsoleApplication1\x64\Debug\CL.read.1.tlog
E:\iitkgp_project\text detection\C++\#OPENCVboostmser\ConsoleApplication1 - Copy\ConsoleApplication1\x64\Debug\CL.write.1.tlog
E:\iitkgp_project\text detection\C++\#OPENCVboostmser\ConsoleApplication1 - Copy\ConsoleApplication1\x64\Debug\link-cvtres.read.1.tlog
E:\iitkgp_project\text detection\C++\#OPENCVboostmser\ConsoleApplication1 - Copy\ConsoleApplication1\x64\Debug\link-cvtres.write.1.tlog
E:\iitkgp_project\text detection\C++\#OPENCVboostmser\ConsoleApplication1 - Copy\ConsoleApplication1\x64\Debug\link-rc.read.1.tlog
E:\iitkgp_project\text detection\C++\#OPENCVboostmser\ConsoleApplication1 - Copy\ConsoleApplication1\x64\Debug\link-rc.write.1.tlog
E:\iitkgp_project\text detection\C++\#OPENCVboostmser\ConsoleApplication1 - Copy\ConsoleApplication1\x64\Debug\link.12856-cvtres.read.1.tlog
E:\iitkgp_project\text detection\C++\#OPENCVboostmser\ConsoleApplication1 - Copy\ConsoleApplication1\x64\Debug\link.12856-cvtres.write.1.tlog
E:\iitkgp_project\text detection\C++\#OPENCVboostmser\ConsoleApplication1 - Copy\ConsoleApplication1\x64\Debug\link.12856-rc.read.1.tlog
E:\iitkgp_project\text detection\C++\#OPENCVboostmser\ConsoleApplication1 - Copy\ConsoleApplication1\x64\Debug\link.12856-rc.write.1.tlog
E:\iitkgp_project\text detection\C++\#OPENCVboostmser\ConsoleApplication1 - Copy\ConsoleApplication1\x64\Debug\link.12856.read.1.tlog
E:\iitkgp_project\text detection\C++\#OPENCVboostmser\ConsoleApplication1 - Copy\ConsoleApplication1\x64\Debug\link.12856.write.1.tlog
E:\iitkgp_project\text detection\C++\#OPENCVboostmser\ConsoleApplication1 - Copy\ConsoleApplication1\x64\Debug\link.13476-cvtres.read.1.tlog
E:\iitkgp_project\text detection\C++\#OPENCVboostmser\ConsoleApplication1 - Copy\ConsoleApplication1\x64\Debug\link.13476-cvtres.write.1.tlog
E:\iitkgp_project\text detection\C++\#OPENCVboostmser\ConsoleApplication1 - Copy\ConsoleApplication1\x64\Debug\link.13476-rc.read.1.tlog
E:\iitkgp_project\text detection\C++\#OPENCVboostmser\ConsoleApplication1 - Copy\ConsoleApplication1\x64\Debug\link.13476-rc.write.1.tlog
E:\iitkgp_project\text detection\C++\#OPENCVboostmser\ConsoleApplication1 - Copy\ConsoleApplication1\x64\Debug\link.13476.read.1.tlog
E:\iitkgp_project\text detection\C++\#OPENCVboostmser\ConsoleApplication1 - Copy\ConsoleApplication1\x64\Debug\link.13476.write.1.tlog
E:\iitkgp_project\text detection\C++\#OPENCVboostmser\ConsoleApplication1 - Copy\ConsoleApplication1\x64\Debug\link.3500-cvtres.read.1.tlog
E:\iitkgp_project\text detection\C++\#OPENCVboostmser\ConsoleApplication1 - Copy\ConsoleApplication1\x64\Debug\link.3500-cvtres.write.1.tlog
E:\iitkgp_project\text detection\C++\#OPENCVboostmser\ConsoleApplication1 - Copy\ConsoleApplication1\x64\Debug\link.3500-rc.read.1.tlog
E:\iitkgp_project\text detection\C++\#OPENCVboostmser\ConsoleApplication1 - Copy\ConsoleApplication1\x64\Debug\link.3500-rc.write.1.tlog
E:\iitkgp_project\text detection\C++\#OPENCVboostmser\ConsoleApplication1 - Copy\ConsoleApplication1\x64\Debug\link.3500.read.1.tlog
E:\iitkgp_project\text detection\C++\#OPENCVboostmser\ConsoleApplication1 - Copy\ConsoleApplication1\x64\Debug\link.3500.write.1.tlog
E:\iitkgp_project\text detection\C++\#OPENCVboostmser\ConsoleApplication1 - Copy\ConsoleApplication1\x64\Debug\link.5064-cvtres.read.1.tlog
E:\iitkgp_project\text detection\C++\#OPENCVboostmser\ConsoleApplication1 - Copy\ConsoleApplication1\x64\Debug\link.5064-cvtres.write.1.tlog
E:\iitkgp_project\text detection\C++\#OPENCVboostmser\ConsoleApplication1 - Copy\ConsoleApplication1\x64\Debug\link.5064-rc.read.1.tlog
E:\iitkgp_project\text detection\C++\#OPENCVboostmser\ConsoleApplication1 - Copy\ConsoleApplication1\x64\Debug\link.5064-rc.write.1.tlog
E:\iitkgp_project\text detection\C++\#OPENCVboostmser\ConsoleApplication1 - Copy\ConsoleApplication1\x64\Debug\link.5064.read.1.tlog
E:\iitkgp_project\text detection\C++\#OPENCVboostmser\ConsoleApplication1 - Copy\ConsoleApplication1\x64\Debug\link.5064.write.1.tlog
E:\iitkgp_project\text detection\C++\#OPENCVboostmser\ConsoleApplication1 - Copy\ConsoleApplication1\x64\Debug\link.command.1.tlog
E:\iitkgp_project\text detection\C++\#OPENCVboostmser\ConsoleApplication1 - Copy\ConsoleApplication1\x64\Debug\link.read.1.tlog
E:\iitkgp_project\text detection\C++\#OPENCVboostmser\ConsoleApplication1 - Copy\ConsoleApplication1\x64\Debug\link.write.1.tlog
E:\iitkgp_project\text detection\C++\#OPENCVboostmser\ConsoleApplication1 - Copy\ConsoleApplication1\x64\Debug\vc110.idb
E:\iitkgp_project\text detection\C++\#OPENCVboostmser\ConsoleApplication1 - Copy\ConsoleApplication1\x64\Debug\vc110.pdb
E:\iitkgp_project\text detection\C++\#OPENCVboostmser\ConsoleApplication1 - Copy\x64\Debug\main.pdb
E:\iitkgp_project\text detection\C++\#OPENCVboostmser\ConsoleApplication1 - Copy\x64\Debug\main.exe
E:\iitkgp_project\text detection\C++\#OPENCVboostmser\ConsoleApplication1 - Copy\x64\Debug\main.ilk
