C:\USERS\ASUS\DESKTOP\CONSOLEAPPLICATION1 - COPY\CONSOLEAPPLICATION1\X64\DEBUG\CONSOLEAPPLICATION1.OBJ
C:\USERS\ASUS\DESKTOP\CONSOLEAPPLICATION1 - COPY\CONSOLEAPPLICATION1\X64\DEBUG\VC110.PDB
C:\USERS\ASUS\DESKTOP\CONSOLEAPPLICATION1 - COPY\X64\DEBUG\CONSOLEAPPLICATION1.ILK
C:\USERS\ASUS\DESKTOP\CONSOLEAPPLICATION1 - COPY\X64\DEBUG\CONSOLEAPPLICATION1.EXE
C:\USERS\ASUS\DESKTOP\CONSOLEAPPLICATION1 - COPY\X64\DEBUG\CONSOLEAPPLICATION1.PDB
C:\Users\Asus\Desktop\ConsoleApplication1 - Copy\ConsoleApplication1\x64\Debug\ConsoleApplication1.obj
C:\Users\Asus\Desktop\ConsoleApplication1 - Copy\ConsoleApplication1\x64\Debug\cl.command.1.tlog
C:\Users\Asus\Desktop\ConsoleApplication1 - Copy\ConsoleApplication1\x64\Debug\CL.read.1.tlog
C:\Users\Asus\Desktop\ConsoleApplication1 - Copy\ConsoleApplication1\x64\Debug\CL.write.1.tlog
C:\Users\Asus\Desktop\ConsoleApplication1 - Copy\ConsoleApplication1\x64\Debug\link-cvtres.read.1.tlog
C:\Users\Asus\Desktop\ConsoleApplication1 - Copy\ConsoleApplication1\x64\Debug\link-cvtres.write.1.tlog
C:\Users\Asus\Desktop\ConsoleApplication1 - Copy\ConsoleApplication1\x64\Debug\link-rc.read.1.tlog
C:\Users\Asus\Desktop\ConsoleApplication1 - Copy\ConsoleApplication1\x64\Debug\link-rc.write.1.tlog
C:\Users\Asus\Desktop\ConsoleApplication1 - Copy\ConsoleApplication1\x64\Debug\link.command.1.tlog
C:\Users\Asus\Desktop\ConsoleApplication1 - Copy\ConsoleApplication1\x64\Debug\link.read.1.tlog
C:\Users\Asus\Desktop\ConsoleApplication1 - Copy\ConsoleApplication1\x64\Debug\link.write.1.tlog
C:\Users\Asus\Desktop\ConsoleApplication1 - Copy\ConsoleApplication1\x64\Debug\vc110.idb
C:\Users\Asus\Desktop\ConsoleApplication1 - Copy\ConsoleApplication1\x64\Debug\vc110.pdb
C:\Users\Asus\Desktop\ConsoleApplication1 - Copy\x64\Debug\ConsoleApplication1.pdb
C:\Users\Asus\Desktop\ConsoleApplication1 - Copy\x64\Debug\ConsoleApplication1.exe
C:\Users\Asus\Desktop\ConsoleApplication1 - Copy\x64\Debug\ConsoleApplication1.ilk
