C:\USERS\ASUS\DESKTOP\#TEXTDETECTIONOPENCVNBOOST\CONSOLEAPPLICATION1 - COPY\CONSOLEAPPLICATION1\X64\DEBUG\FEATURESMAIN.OBJ
C:\USERS\ASUS\DESKTOP\#TEXTDETECTIONOPENCVNBOOST\CONSOLEAPPLICATION1 - COPY\CONSOLEAPPLICATION1\X64\DEBUG\TEXTDETECTION.OBJ
C:\USERS\ASUS\DESKTOP\#TEXTDETECTIONOPENCVNBOOST\CONSOLEAPPLICATION1 - COPY\CONSOLEAPPLICATION1\X64\DEBUG\VC110.PDB
E:\IITKGP_PROJECT\TEXT DETECTION USING SWT\#TEXTDETECTIONOPENCVNBOOST\CONSOLEAPPLICATION1 - COPY\CONSOLEAPPLICATION1\X64\DEBUG\FEATURESMAIN.OBJ
E:\IITKGP_PROJECT\TEXT DETECTION USING SWT\#TEXTDETECTIONOPENCVNBOOST\CONSOLEAPPLICATION1 - COPY\CONSOLEAPPLICATION1\X64\DEBUG\TEXTDETECTION.OBJ
E:\IITKGP_PROJECT\TEXT DETECTION USING SWT\#TEXTDETECTIONOPENCVNBOOST\CONSOLEAPPLICATION1 - COPY\CONSOLEAPPLICATION1\X64\DEBUG\VC110.PDB
E:\IITKGP_PROJECT\TEXT DETECTION USING SWT\#C++\#TEXTDETECTIONOPENCVNBOOST\CONSOLEAPPLICATION1 - COPY\CONSOLEAPPLICATION1\X64\DEBUG\FEATURESMAIN.OBJ
E:\IITKGP_PROJECT\TEXT DETECTION USING SWT\#C++\#TEXTDETECTIONOPENCVNBOOST\CONSOLEAPPLICATION1 - COPY\CONSOLEAPPLICATION1\X64\DEBUG\VC110.PDB
C:\USERS\ASUS\DESKTOP\#TEXTDETECTIONOPENCVNBOOST\CONSOLEAPPLICATION1 - COPY\X64\DEBUG\CONSOLEAPPLICATION1.ILK
C:\USERS\ASUS\DESKTOP\#TEXTDETECTIONOPENCVNBOOST\CONSOLEAPPLICATION1 - COPY\X64\DEBUG\CONSOLEAPPLICATION1.EXE
C:\USERS\ASUS\DESKTOP\#TEXTDETECTIONOPENCVNBOOST\CONSOLEAPPLICATION1 - COPY\X64\DEBUG\CONSOLEAPPLICATION1.PDB
E:\IITKGP_PROJECT\TEXT DETECTION USING SWT\#TEXTDETECTIONOPENCVNBOOST\CONSOLEAPPLICATION1 - COPY\X64\DEBUG\CONSOLEAPPLICATION1.ILK
E:\IITKGP_PROJECT\TEXT DETECTION USING SWT\#TEXTDETECTIONOPENCVNBOOST\CONSOLEAPPLICATION1 - COPY\X64\DEBUG\CONSOLEAPPLICATION1.EXE
E:\IITKGP_PROJECT\TEXT DETECTION USING SWT\#TEXTDETECTIONOPENCVNBOOST\CONSOLEAPPLICATION1 - COPY\X64\DEBUG\CONSOLEAPPLICATION1.PDB
E:\iitkgp_project\text detection using SWT\#C++\#TEXTDETECTIONOpencvNBoost\ConsoleApplication1 - Copy\ConsoleApplication1\x64\Debug\FeaturesMain.obj
E:\iitkgp_project\text detection using SWT\#C++\#TEXTDETECTIONOpencvNBoost\ConsoleApplication1 - Copy\ConsoleApplication1\x64\Debug\cl.command.1.tlog
E:\iitkgp_project\text detection using SWT\#C++\#TEXTDETECTIONOpencvNBoost\ConsoleApplication1 - Copy\ConsoleApplication1\x64\Debug\CL.read.1.tlog
E:\iitkgp_project\text detection using SWT\#C++\#TEXTDETECTIONOpencvNBoost\ConsoleApplication1 - Copy\ConsoleApplication1\x64\Debug\CL.write.1.tlog
E:\iitkgp_project\text detection using SWT\#C++\#TEXTDETECTIONOpencvNBoost\ConsoleApplication1 - Copy\ConsoleApplication1\x64\Debug\link-cvtres.read.1.tlog
E:\iitkgp_project\text detection using SWT\#C++\#TEXTDETECTIONOpencvNBoost\ConsoleApplication1 - Copy\ConsoleApplication1\x64\Debug\link-cvtres.write.1.tlog
E:\iitkgp_project\text detection using SWT\#C++\#TEXTDETECTIONOpencvNBoost\ConsoleApplication1 - Copy\ConsoleApplication1\x64\Debug\link-rc.read.1.tlog
E:\iitkgp_project\text detection using SWT\#C++\#TEXTDETECTIONOpencvNBoost\ConsoleApplication1 - Copy\ConsoleApplication1\x64\Debug\link-rc.write.1.tlog
E:\iitkgp_project\text detection using SWT\#C++\#TEXTDETECTIONOpencvNBoost\ConsoleApplication1 - Copy\ConsoleApplication1\x64\Debug\link.6392-cvtres.read.1.tlog
E:\iitkgp_project\text detection using SWT\#C++\#TEXTDETECTIONOpencvNBoost\ConsoleApplication1 - Copy\ConsoleApplication1\x64\Debug\link.6392-cvtres.write.1.tlog
E:\iitkgp_project\text detection using SWT\#C++\#TEXTDETECTIONOpencvNBoost\ConsoleApplication1 - Copy\ConsoleApplication1\x64\Debug\link.6392-rc.read.1.tlog
E:\iitkgp_project\text detection using SWT\#C++\#TEXTDETECTIONOpencvNBoost\ConsoleApplication1 - Copy\ConsoleApplication1\x64\Debug\link.6392-rc.write.1.tlog
E:\iitkgp_project\text detection using SWT\#C++\#TEXTDETECTIONOpencvNBoost\ConsoleApplication1 - Copy\ConsoleApplication1\x64\Debug\link.6392.read.1.tlog
E:\iitkgp_project\text detection using SWT\#C++\#TEXTDETECTIONOpencvNBoost\ConsoleApplication1 - Copy\ConsoleApplication1\x64\Debug\link.6392.write.1.tlog
E:\iitkgp_project\text detection using SWT\#C++\#TEXTDETECTIONOpencvNBoost\ConsoleApplication1 - Copy\ConsoleApplication1\x64\Debug\link.command.1.tlog
E:\iitkgp_project\text detection using SWT\#C++\#TEXTDETECTIONOpencvNBoost\ConsoleApplication1 - Copy\ConsoleApplication1\x64\Debug\link.read.1.tlog
E:\iitkgp_project\text detection using SWT\#C++\#TEXTDETECTIONOpencvNBoost\ConsoleApplication1 - Copy\ConsoleApplication1\x64\Debug\link.write.1.tlog
E:\iitkgp_project\text detection using SWT\#C++\#TEXTDETECTIONOpencvNBoost\ConsoleApplication1 - Copy\ConsoleApplication1\x64\Debug\vc110.idb
E:\iitkgp_project\text detection using SWT\#C++\#TEXTDETECTIONOpencvNBoost\ConsoleApplication1 - Copy\ConsoleApplication1\x64\Debug\vc110.pdb
E:\iitkgp_project\text detection using SWT\#C++\#TEXTDETECTIONOpencvNBoost\ConsoleApplication1 - Copy\x64\Debug\ConsoleApplication1.pdb
E:\iitkgp_project\text detection using SWT\#C++\#TEXTDETECTIONOpencvNBoost\ConsoleApplication1 - Copy\x64\Debug\ConsoleApplication1.exe
E:\iitkgp_project\text detection using SWT\#C++\#TEXTDETECTIONOpencvNBoost\ConsoleApplication1 - Copy\x64\Debug\ConsoleApplication1.ilk
