C:\USERS\ASUS\DESKTOP\CONSOLEAPPLICATION1\CONSOLEAPPLICATION1\DEBUG\CONSOLEAPPLICATION1.PCH
C:\USERS\ASUS\DESKTOP\CONSOLEAPPLICATION1\CONSOLEAPPLICATION1\DEBUG\STDAFX.OBJ
C:\USERS\ASUS\DESKTOP\CONSOLEAPPLICATION1\CONSOLEAPPLICATION1\DEBUG\VC110.PDB
C:\USERS\ASUS\DESKTOP\CONSOLEAPPLICATION1\CONSOLEAPPLICATION1\DEBUG\CONSOLEAPPLICATION1.OBJ
C:\USERS\ASUS\DESKTOP\CONSOLEAPPLICATION1\DEBUG\CONSOLEAPPLICATION1.ILK
C:\USERS\ASUS\DESKTOP\CONSOLEAPPLICATION1\DEBUG\CONSOLEAPPLICATION1.EXE
C:\USERS\ASUS\DESKTOP\CONSOLEAPPLICATION1\DEBUG\CONSOLEAPPLICATION1.PDB
C:\Users\Asus\Desktop\ConsoleApplication1\ConsoleApplication1\Debug\ConsoleApplication1.obj
C:\Users\Asus\Desktop\ConsoleApplication1\ConsoleApplication1\Debug\stdafx.obj
C:\Users\Asus\Desktop\ConsoleApplication1\ConsoleApplication1\Debug\cl.command.1.tlog
C:\Users\Asus\Desktop\ConsoleApplication1\ConsoleApplication1\Debug\CL.read.1.tlog
C:\Users\Asus\Desktop\ConsoleApplication1\ConsoleApplication1\Debug\CL.write.1.tlog
C:\Users\Asus\Desktop\ConsoleApplication1\ConsoleApplication1\Debug\link-cvtres.read.1.tlog
C:\Users\Asus\Desktop\ConsoleApplication1\ConsoleApplication1\Debug\link-cvtres.write.1.tlog
C:\Users\Asus\Desktop\ConsoleApplication1\ConsoleApplication1\Debug\link-rc.read.1.tlog
C:\Users\Asus\Desktop\ConsoleApplication1\ConsoleApplication1\Debug\link-rc.write.1.tlog
C:\Users\Asus\Desktop\ConsoleApplication1\ConsoleApplication1\Debug\link.5484-cvtres.read.1.tlog
C:\Users\Asus\Desktop\ConsoleApplication1\ConsoleApplication1\Debug\link.5484-cvtres.write.1.tlog
C:\Users\Asus\Desktop\ConsoleApplication1\ConsoleApplication1\Debug\link.5484-rc.read.1.tlog
C:\Users\Asus\Desktop\ConsoleApplication1\ConsoleApplication1\Debug\link.5484-rc.write.1.tlog
C:\Users\Asus\Desktop\ConsoleApplication1\ConsoleApplication1\Debug\link.5484.read.1.tlog
C:\Users\Asus\Desktop\ConsoleApplication1\ConsoleApplication1\Debug\link.5484.write.1.tlog
C:\Users\Asus\Desktop\ConsoleApplication1\ConsoleApplication1\Debug\link.command.1.tlog
C:\Users\Asus\Desktop\ConsoleApplication1\ConsoleApplication1\Debug\link.read.1.tlog
C:\Users\Asus\Desktop\ConsoleApplication1\ConsoleApplication1\Debug\link.write.1.tlog
C:\Users\Asus\Desktop\ConsoleApplication1\ConsoleApplication1\Debug\ConsoleApplication1.pch
C:\Users\Asus\Desktop\ConsoleApplication1\ConsoleApplication1\Debug\vc110.idb
C:\Users\Asus\Desktop\ConsoleApplication1\ConsoleApplication1\Debug\vc110.pdb
C:\Users\Asus\Desktop\ConsoleApplication1\Debug\ConsoleApplication1.pdb
C:\Users\Asus\Desktop\ConsoleApplication1\Debug\ConsoleApplication1.exe
C:\Users\Asus\Desktop\ConsoleApplication1\Debug\ConsoleApplication1.ilk
